<?xml version="1.0" encoding="UTF-8"?>
<testng-results ignored="0" total="2" passed="2" failed="0" skipped="0">
  <reporter-output>
  </reporter-output>
  <suite started-at="2024-09-14T16:44:06 WIB" name="Default suite" finished-at="2024-09-14T16:44:19 WIB" duration-ms="12635">
    <groups>
      <group name="cucumber">
        <method signature="AbstractTestNGCucumberTests.runScenario(io.cucumber.testng.PickleWrapper,io.cucumber.testng.FeatureWrapper)[pri:0, instance:com.testorangehrm.runner.Runner@42a48628]" name="runScenario" class="io.cucumber.testng.AbstractTestNGCucumberTests"/>
      </group> <!-- cucumber -->
    </groups>
    <test started-at="2024-09-14T16:44:06 WIB" name="Default test" finished-at="2024-09-14T16:44:19 WIB" duration-ms="12635">
      <class name="com.testorangehrm.runner.Runner">
        <test-method is-config="true" signature="setUpClass(org.testng.ITestContext)[pri:0, instance:com.testorangehrm.runner.Runner@42a48628]" started-at="2024-09-14T16:44:06 WIB" name="setUpClass" finished-at="2024-09-14T16:44:06 WIB" duration-ms="81" status="PASS">
          <params>
            <param index="0">
              <value>
                <![CDATA[org.testng.TestRunner@670ce331]]>
              </value>
            </param>
          </params>
          <reporter-output>
          </reporter-output>
        </test-method> <!-- setUpClass -->
        <test-method signature="runScenario(io.cucumber.testng.PickleWrapper,io.cucumber.testng.FeatureWrapper)[pri:0, instance:com.testorangehrm.runner.Runner@42a48628]" started-at="2024-09-14T16:44:06 WIB" name="runScenario" description="Runs Cucumber Scenarios" data-provider="scenarios" finished-at="2024-09-14T16:44:13 WIB" duration-ms="6508" status="PASS">
          <params>
            <param index="0">
              <value>
                <![CDATA["Admin login into orange hrm with valid credentials"]]>
              </value>
            </param>
            <param index="1">
              <value>
                <![CDATA["Login orange hrm"]]>
              </value>
            </param>
          </params>
          <reporter-output>
          </reporter-output>
        </test-method> <!-- runScenario -->
        <test-method signature="runScenario(io.cucumber.testng.PickleWrapper,io.cucumber.testng.FeatureWrapper)[pri:0, instance:com.testorangehrm.runner.Runner@42a48628]" started-at="2024-09-14T16:44:13 WIB" name="runScenario" description="Runs Cucumber Scenarios" data-provider="scenarios" finished-at="2024-09-14T16:44:19 WIB" duration-ms="5923" status="PASS">
          <params>
            <param index="0">
              <value>
                <![CDATA["Admin login into orange hrm with invalid username credentials"]]>
              </value>
            </param>
            <param index="1">
              <value>
                <![CDATA["Login orange hrm"]]>
              </value>
            </param>
          </params>
          <reporter-output>
          </reporter-output>
        </test-method> <!-- runScenario -->
        <test-method is-config="true" signature="tearDownClass()[pri:0, instance:com.testorangehrm.runner.Runner@42a48628]" started-at="2024-09-14T16:44:19 WIB" name="tearDownClass" finished-at="2024-09-14T16:44:19 WIB" duration-ms="107" status="PASS">
          <reporter-output>
          </reporter-output>
        </test-method> <!-- tearDownClass -->
      </class> <!-- com.testorangehrm.runner.Runner -->
    </test> <!-- Default test -->
  </suite> <!-- Default suite -->
</testng-results>
